#
# There is insufficient memory for the Java Runtime Environment to continue.
# Native memory allocation (malloc) failed to allocate 1048576 bytes for AllocateHeap
# Possible reasons:
#   The system is out of physical RAM or swap space
#   In 32 bit mode, the process size limit was hit
# Possible solutions:
#   Reduce memory load on the system
#   Increase physical memory or swap space
#   Check if swap backing store is full
#   Use 64 bit Java on a 64 bit OS
#   Decrease Java heap size (-Xmx/-Xms)
#   Decrease number of Java threads
#   Decrease Java thread stack sizes (-Xss)
#   Set larger code cache with -XX:ReservedCodeCacheSize=
# This output file may be truncated or incomplete.
#
#  Out of Memory Error (memory/allocation.inline.hpp:61), pid=6104, tid=11128
#
# JRE version:  (8.0_60-b27) (build )
# Java VM: Java HotSpot(TM) 64-Bit Server VM (25.60-b23 mixed mode windows-amd64 compressed oops)
# Failed to write core dump. Minidumps are not enabled by default on client versions of Windows
#

---------------  T H R E A D  ---------------

Current thread (0x0000000002200800):  JavaThread "Unknown thread" [_thread_in_vm, id=11128, stack(0x0000000002100000,0x0000000002200000)]

Stack: [0x0000000002100000,0x0000000002200000]
[error occurred during error reporting (printing stack bounds), id 0xc0000005]

Native frames: (J=compiled Java code, j=interpreted, Vv=VM code, C=native code)


---------------  P R O C E S S  ---------------

Java Threads: ( => current thread )

Other Threads:

=>0x0000000002200800 (exited) JavaThread "Unknown thread" [_thread_in_vm, id=11128, stack(0x0000000002100000,0x0000000002200000)]

VM state:not at safepoint (normal execution)

VM Mutex/Monitor currently owned by a thread: None

Heap:
 PSYoungGen      total 28672K, used 491K [0x00000000e0980000, 0x00000000e2980000, 0x0000000100000000)
  eden space 24576K, 2% used [0x00000000e0980000,0x00000000e09fae20,0x00000000e2180000)
  from space 4096K, 0% used [0x00000000e2580000,0x00000000e2580000,0x00000000e2980000)
  to   space 4096K, 0% used [0x00000000e2180000,0x00000000e2180000,0x00000000e2580000)
 ParOldGen       total 65536K, used 0K [0x00000000a1c00000, 0x00000000a5c00000, 0x00000000e0980000)
  object space 65536K, 0% used [0x00000000a1c00000,0x00000000a1c00000,0x00000000a5c00000)
 Metaspace       used 767K, capacity 4480K, committed 4480K, reserved 1056768K
  class space    used 75K, capacity 384K, committed 384K, reserved 1048576K

Card table byte_map: [0x00000000116c0000,0x00000000119c0000] byte_map_base: 0x00000000111b2000

Marking Bits: (ParMarkBitMap*) 0x000000007462a5b0
 Begin Bits: [0x0000000011fc0000, 0x0000000013750000)
 End Bits:   [0x0000000013750000, 0x0000000014ee0000)

Polling page: 0x0000000002060000

CodeCache: size=245760Kb used=328Kb max_used=328Kb free=245431Kb
 bounds [0x0000000002300000, 0x0000000002570000, 0x0000000011300000]
 total_blobs=57 nmethods=0 adapters=37
 compilation: enabled

Compilation events (0 events):
No events

GC Heap History (0 events):
No events

Deoptimization events (0 events):
No events

Internal exceptions (0 events):
No events

Events (10 events):
Event: 0.059 loading class java/lang/Short
Event: 0.059 loading class java/lang/Short done
Event: 0.059 loading class java/lang/Integer
Event: 0.059 loading class java/lang/Integer done
Event: 0.059 loading class java/lang/Long
Event: 0.060 loading class java/lang/Long done
Event: 0.060 loading class java/lang/NullPointerException
Event: 0.061 loading class java/lang/NullPointerException done
Event: 0.061 loading class java/lang/ArithmeticException
Event: 0.061 loading class java/lang/ArithmeticException done


Dynamic libraries:
0x00007ff7be5f0000 - 0x00007ff7be627000 	C:\Program Files\Java\jdk1.8.0_60\bin\java.exe
0x00007ffd6d890000 - 0x00007ffd6da51000 	C:\WINDOWS\SYSTEM32\ntdll.dll
0x00007ffd6a970000 - 0x00007ffd6aa1d000 	C:\WINDOWS\system32\KERNEL32.DLL
0x00007ffd69480000 - 0x00007ffd6965d000 	C:\WINDOWS\system32\KERNELBASE.dll
0x00007ffd64440000 - 0x00007ffd644b8000 	C:\WINDOWS\system32\apphelp.dll
0x00007ffd6c2b0000 - 0x00007ffd6c356000 	C:\WINDOWS\system32\ADVAPI32.dll
0x00007ffd6a270000 - 0x00007ffd6a30d000 	C:\WINDOWS\system32\msvcrt.dll
0x00007ffd6c360000 - 0x00007ffd6c3bb000 	C:\WINDOWS\system32\sechost.dll
0x00007ffd6c5a0000 - 0x00007ffd6c6c6000 	C:\WINDOWS\system32\RPCRT4.dll
0x00007ffd6a820000 - 0x00007ffd6a96e000 	C:\WINDOWS\system32\USER32.dll
0x00007ffd6c120000 - 0x00007ffd6c2a6000 	C:\WINDOWS\system32\GDI32.dll
0x00007ffd65b90000 - 0x00007ffd65e04000 	C:\WINDOWS\WinSxS\amd64_microsoft.windows.common-controls_6595b64144ccf1df_6.0.10240.16384_none_f41f7b285750ef43\COMCTL32.dll
0x00007ffd6a7e0000 - 0x00007ffd6a816000 	C:\WINDOWS\system32\IMM32.DLL
0x00007ffd6a310000 - 0x00007ffd6a46c000 	C:\WINDOWS\system32\MSCTF.dll
0x0000000073d40000 - 0x0000000073e12000 	C:\Program Files\Java\jdk1.8.0_60\jre\bin\msvcr100.dll
0x0000000073e20000 - 0x00000000746a9000 	C:\Program Files\Java\jdk1.8.0_60\jre\bin\server\jvm.dll
0x00007ffd69f70000 - 0x00007ffd69f78000 	C:\WINDOWS\system32\PSAPI.DLL
0x00007ffd63540000 - 0x00007ffd63563000 	C:\WINDOWS\SYSTEM32\WINMM.dll
0x00007ffd61290000 - 0x00007ffd61299000 	C:\WINDOWS\SYSTEM32\WSOCK32.dll
0x00007ffd61670000 - 0x00007ffd6167a000 	C:\WINDOWS\SYSTEM32\VERSION.dll
0x00007ffd6a200000 - 0x00007ffd6a269000 	C:\WINDOWS\system32\WS2_32.dll
0x00007ffd6c590000 - 0x00007ffd6c598000 	C:\WINDOWS\system32\NSI.dll
0x00007ffd63130000 - 0x00007ffd6315c000 	C:\WINDOWS\SYSTEM32\winmmbase.dll
0x00007ffd69d50000 - 0x00007ffd69d94000 	C:\WINDOWS\system32\cfgmgr32.dll
0x00007ffd67b60000 - 0x00007ffd67b87000 	C:\WINDOWS\SYSTEM32\DEVOBJ.dll
0x00000000755a0000 - 0x00000000755af000 	C:\Program Files\Java\jdk1.8.0_60\jre\bin\verify.dll
0x0000000074c10000 - 0x0000000074c39000 	C:\Program Files\Java\jdk1.8.0_60\jre\bin\java.dll
0x0000000074bf0000 - 0x0000000074c06000 	C:\Program Files\Java\jdk1.8.0_60\jre\bin\zip.dll

VM Arguments:
jvm_args: -Dfile.encoding=UTF-8 
java_command: GUI2
java_class_path (initial): C:\Users\Asus\Documents\NetBeansProjects\MyGUIdemo\build\classes
Launcher Type: SUN_STANDARD

Environment Variables:
PATH=C:\ProgramData\Oracle\Java\javapath;C:\Program Files (x86)\Intel\iCLS Client\;C:\Program Files\Intel\iCLS Client\;C:\WINDOWS\system32;C:\WINDOWS;C:\WINDOWS\System32\Wbem;C:\WINDOWS\System32\WindowsPowerShell\v1.0\;C:\Program Files (x86)\Windows Live\Shared;C:\Program Files\Intel\Intel(R) Management Engine Components\DAL;C:\Program Files\Intel\Intel(R) Management Engine Components\IPT;C:\Program Files (x86)\Intel\Intel(R) Management Engine Components\DAL;C:\Program Files (x86)\Intel\Intel(R) Management Engine Components\IPT;C:\Program Files (x86)\Intel\OpenCL SDK\2.0\bin\x86;C:\Program Files (x86)\Intel\OpenCL SDK\2.0\bin\x64;C:\Program Files (x86)\Calibre2\;C:\Program Files (x86)\Skype\Phone\;C:\Program Files (x86)\Bitvise SSH Client
USERNAME=Asus
OS=Windows_NT
PROCESSOR_IDENTIFIER=Intel64 Family 6 Model 58 Stepping 9, GenuineIntel



---------------  S Y S T E M  ---------------

OS: Windows 10.0 , 64 bit Build 10240 (10.0.10240.16384)

CPU:total 4 (2 cores per cpu, 2 threads per core) family 6 model 58 stepping 9, cmov, cx8, fxsr, mmx, sse, sse2, sse3, ssse3, sse4.1, sse4.2, popcnt, avx, clmul, erms, ht, tsc, tscinvbit, tscinv

Memory: 4k page, physical 6174420k(995792k free), swap 6174420k(6040k free)

vm_info: Java HotSpot(TM) 64-Bit Server VM (25.60-b23) for windows-amd64 JRE (1.8.0_60-b27), built on Aug  4 2015 11:06:27 by "java_re" with MS VC++ 10.0 (VS2010)

time: Wed Sep 09 14:57:27 2015
elapsed time: 0 seconds (0d 0h 0m 0s)

